
**** Build of configuration Debug for project Practica2 ****

"C:\\ti\\ccsv7\\utils\\bin\\gmake" -k -j 2 all -O 
'Building file: ../Practica_02 PAE_Alumnes.c'
'Invoking: MSP432 Compiler'
"C:/ti/ccsv7/tools/compiler/ti-cgt-arm_16.9.3.LTS/bin/armcl" -mv7M4 --code_state=16 --float_support=FPv4SPD16 -me --include_path="C:/ti/ccsv7/ccs_base/arm/include" --include_path="C:/ti/ccsv7/ccs_base/arm/include/CMSIS" --include_path="F:/PAE/Practica2" --include_path="C:/ti/ccsv7/tools/compiler/ti-cgt-arm_16.9.3.LTS/include" --advice:power=all --define=__MSP432P401R__ --define=ccs -g --gcc --diag_warning=225 --diag_wrap=off --display_error_number --abi=eabi --preproc_with_compile --preproc_dependency="Practica_02 PAE_Alumnes.d"  "../Practica_02 PAE_Alumnes.c"
"../Practica_02 PAE_Alumnes.c", line 12: warning #14-D: extra text after expected end of preprocessing directive
"../Practica_02 PAE_Alumnes.c", line 175: remark #1527-D: (ULP 2.1) Detected SW delay loop using empty loop. Recommend using a timer module instead
"../Practica_02 PAE_Alumnes.c", line 281: warning #225-D: function "seq_dreta" declared implicitly
"../Practica_02 PAE_Alumnes.c", line 285: warning #225-D: function "seq_esquerra" declared implicitly
"../Practica_02 PAE_Alumnes.c", line 214: remark #1532-D: (ULP 5.3) Detected sprintf() operation(s). Recommend moving them to RAM during run time or not using as these are processing/power intensive
"../Practica_02 PAE_Alumnes.c", line 293: warning #161-D: declaration is incompatible with previous "seq_esquerra" (declared at line 285)
"../Practica_02 PAE_Alumnes.c", line 301: warning #161-D: declaration is incompatible with previous "seq_dreta" (declared at line 281)
"C:/ti/ccsv7/tools/compiler/ti-cgt-arm_16.9.3.LTS/include/_defs.h", line 189 (col. 27): remark #1531-D: (ULP 5.2) Detected floating point operation(s). Recommend moving them to RAM during run time or not using as these are processing/power intensive
"C:/ti/ccsv7/tools/compiler/ti-cgt-arm_16.9.3.LTS/include/_defs.h", line 190 (col. 10): remark #1531-D: (ULP 5.2) Detected floating point operation(s). Recommend moving them to RAM during run time or not using as these are processing/power intensive
"C:/ti/ccsv7/tools/compiler/ti-cgt-arm_16.9.3.LTS/include/_defs.h", line 193 (col. 27): remark #1531-D: (ULP 5.2) Detected floating point operation(s). Recommend moving them to RAM during run time or not using as these are processing/power intensive
"C:/ti/ccsv7/tools/compiler/ti-cgt-arm_16.9.3.LTS/include/_defs.h", line 194 (col. 10): remark #1531-D: (ULP 5.2) Detected floating point operation(s). Recommend moving them to RAM during run time or not using as these are processing/power intensive
"C:/ti/ccsv7/tools/compiler/ti-cgt-arm_16.9.3.LTS/include/_defs.h", line 196 (col. 27): remark #1531-D: (ULP 5.2) Detected floating point operation(s). Recommend moving them to RAM during run time or not using as these are processing/power intensive
"C:/ti/ccsv7/tools/compiler/ti-cgt-arm_16.9.3.LTS/include/_defs.h", line 197 (col. 10): remark #1531-D: (ULP 5.2) Detected floating point operation(s). Recommend moving them to RAM during run time or not using as these are processing/power intensive
"C:/ti/ccsv7/tools/compiler/ti-cgt-arm_16.9.3.LTS/include/_defs.h", line 198 (col. 10): remark #1531-D: (ULP 5.2) Detected floating point operation(s). Recommend moving them to RAM during run time or not using as these are processing/power intensive
"C:/ti/ccsv7/tools/compiler/ti-cgt-arm_16.9.3.LTS/include/_defs.h", line 202 (col. 27): remark #1531-D: (ULP 5.2) Detected floating point operation(s). Recommend moving them to RAM during run time or not using as these are processing/power intensive
"C:/ti/ccsv7/tools/compiler/ti-cgt-arm_16.9.3.LTS/include/_defs.h", line 203 (col. 10): remark #1531-D: (ULP 5.2) Detected floating point operation(s). Recommend moving them to RAM during run time or not using as these are processing/power intensive
"C:/ti/ccsv7/tools/compiler/ti-cgt-arm_16.9.3.LTS/include/_defs.h", line 204 (col. 10): remark #1531-D: (ULP 5.2) Detected floating point operation(s). Recommend moving them to RAM during run time or not using as these are processing/power intensive
"C:/ti/ccsv7/tools/compiler/ti-cgt-arm_16.9.3.LTS/include/_defs.h", line 206 (col. 27): remark #1531-D: (ULP 5.2) Detected floating point operation(s). Recommend moving them to RAM during run time or not using as these are processing/power intensive
"C:/ti/ccsv7/tools/compiler/ti-cgt-arm_16.9.3.LTS/include/_defs.h", line 207 (col. 11): remark #1531-D: (ULP 5.2) Detected floating point operation(s). Recommend moving them to RAM during run time or not using as these are processing/power intensive
"C:/ti/ccsv7/tools/compiler/ti-cgt-arm_16.9.3.LTS/include/_defs.h", line 208 (col. 11): remark #1531-D: (ULP 5.2) Detected floating point operation(s). Recommend moving them to RAM during run time or not using as these are processing/power intensive
"C:/ti/ccsv7/tools/compiler/ti-cgt-arm_16.9.3.LTS/include/_defs.h", line 214 (col. 27): remark #1531-D: (ULP 5.2) Detected floating point operation(s). Recommend moving them to RAM during run time or not using as these are processing/power intensive
"C:/ti/ccsv7/tools/compiler/ti-cgt-arm_16.9.3.LTS/include/_defs.h", line 215 (col. 11): remark #1531-D: (ULP 5.2) Detected floating point operation(s). Recommend moving them to RAM during run time or not using as these are processing/power intensive
"C:/ti/ccsv7/tools/compiler/ti-cgt-arm_16.9.3.LTS/include/_defs.h", line 216 (col. 11): remark #1531-D: (ULP 5.2) Detected floating point operation(s). Recommend moving them to RAM during run time or not using as these are processing/power intensive
"C:/ti/ccsv7/tools/compiler/ti-cgt-arm_16.9.3.LTS/include/_defs.h", line 218 (col. 27): remark #1531-D: (ULP 5.2) Detected floating point operation(s). Recommend moving them to RAM during run time or not using as these are processing/power intensive
"C:/ti/ccsv7/tools/compiler/ti-cgt-arm_16.9.3.LTS/include/_defs.h", line 219 (col. 10): remark #1531-D: (ULP 5.2) Detected floating point operation(s). Recommend moving them to RAM during run time or not using as these are processing/power intensive
"C:/ti/ccsv7/tools/compiler/ti-cgt-arm_16.9.3.LTS/include/_defs.h", line 222 (col. 27): remark #1531-D: (ULP 5.2) Detected floating point operation(s). Recommend moving them to RAM during run time or not using as these are processing/power intensive
"C:/ti/ccsv7/tools/compiler/ti-cgt-arm_16.9.3.LTS/include/_defs.h", line 223 (col. 10): remark #1531-D: (ULP 5.2) Detected floating point operation(s). Recommend moving them to RAM during run time or not using as these are processing/power intensive
"C:/ti/ccsv7/tools/compiler/ti-cgt-arm_16.9.3.LTS/include/_defs.h", line 231 (col. 27): remark #1531-D: (ULP 5.2) Detected floating point operation(s). Recommend moving them to RAM during run time or not using as these are processing/power intensive
"C:/ti/ccsv7/tools/compiler/ti-cgt-arm_16.9.3.LTS/include/_defs.h", line 232 (col. 10): remark #1531-D: (ULP 5.2) Detected floating point operation(s). Recommend moving them to RAM during run time or not using as these are processing/power intensive
"C:/ti/ccsv7/tools/compiler/ti-cgt-arm_16.9.3.LTS/include/_defs.h", line 233 (col. 27): remark #1531-D: (ULP 5.2) Detected floating point operation(s). Recommend moving them to RAM during run time or not using as these are processing/power intensive
"C:/ti/ccsv7/tools/compiler/ti-cgt-arm_16.9.3.LTS/include/_defs.h", line 234 (col. 10): remark #1531-D: (ULP 5.2) Detected floating point operation(s). Recommend moving them to RAM during run time or not using as these are processing/power intensive
"C:/ti/ccsv7/tools/compiler/ti-cgt-arm_16.9.3.LTS/include/_defs.h", line 260 (col. 27): remark #1531-D: (ULP 5.2) Detected floating point operation(s). Recommend moving them to RAM during run time or not using as these are processing/power intensive
"C:/ti/ccsv7/tools/compiler/ti-cgt-arm_16.9.3.LTS/include/_defs.h", line 262 (col. 9): remark #1531-D: (ULP 5.2) Detected floating point operation(s). Recommend moving them to RAM during run time or not using as these are processing/power intensive
"C:/ti/ccsv7/tools/compiler/ti-cgt-arm_16.9.3.LTS/include/_defs.h", line 264 (col. 13): remark #1531-D: (ULP 5.2) Detected floating point operation(s). Recommend moving them to RAM during run time or not using as these are processing/power intensive
"C:/ti/ccsv7/tools/compiler/ti-cgt-arm_16.9.3.LTS/include/_defs.h", line 268 (col. 9): remark #1531-D: (ULP 5.2) Detected floating point operation(s). Recommend moving them to RAM during run time or not using as these are processing/power intensive
"C:/ti/ccsv7/tools/compiler/ti-cgt-arm_16.9.3.LTS/include/_defs.h", line 270 (col. 13): remark #1531-D: (ULP 5.2) Detected floating point operation(s). Recommend moving them to RAM during run time or not using as these are processing/power intensive
"C:/ti/ccsv7/tools/compiler/ti-cgt-arm_16.9.3.LTS/include/_defs.h", line 277 (col. 27): remark #1531-D: (ULP 5.2) Detected floating point operation(s). Recommend moving them to RAM during run time or not using as these are processing/power intensive
"C:/ti/ccsv7/tools/compiler/ti-cgt-arm_16.9.3.LTS/include/_defs.h", line 279 (col. 9): remark #1531-D: (ULP 5.2) Detected floating point operation(s). Recommend moving them to RAM during run time or not using as these are processing/power intensive
"C:/ti/ccsv7/tools/compiler/ti-cgt-arm_16.9.3.LTS/include/_defs.h", line 281 (col. 13): remark #1531-D: (ULP 5.2) Detected floating point operation(s). Recommend moving them to RAM during run time or not using as these are processing/power intensive
"C:/ti/ccsv7/tools/compiler/ti-cgt-arm_16.9.3.LTS/include/_defs.h", line 285 (col. 9): remark #1531-D: (ULP 5.2) Detected floating point operation(s). Recommend moving them to RAM during run time or not using as these are processing/power intensive
"C:/ti/ccsv7/tools/compiler/ti-cgt-arm_16.9.3.LTS/include/_defs.h", line 287 (col. 13): remark #1531-D: (ULP 5.2) Detected floating point operation(s). Recommend moving them to RAM during run time or not using as these are processing/power intensive
'Finished building: ../Practica_02 PAE_Alumnes.c'
' '
'Building target: Practica2.out'
'Invoking: MSP432 Linker'
"C:/ti/ccsv7/tools/compiler/ti-cgt-arm_16.9.3.LTS/bin/armcl" -mv7M4 --code_state=16 --float_support=FPv4SPD16 -me --advice:power=all --define=__MSP432P401R__ --define=ccs -g --gcc --diag_warning=225 --diag_wrap=off --display_error_number --abi=eabi -z -m"Practica2.map" --heap_size=1024 --stack_size=512 -i"C:/ti/ccsv7/ccs_base/arm/include" -i"C:/ti/ccsv7/tools/compiler/ti-cgt-arm_16.9.3.LTS/lib" -i"C:/ti/ccsv7/tools/compiler/ti-cgt-arm_16.9.3.LTS/include" --reread_libs --diag_wrap=off --display_error_number --warn_sections --xml_link_info="Practica2_linkInfo.xml" --rom_model -o "Practica2.out" "./Practica_02 PAE_Alumnes.obj" "./startup_msp432p401r_ccs.obj" "./system_msp432p401r.obj" "../lib_PAE2.lib" "../msp432p401r.cmd"  -llibc.a 
<Linking>
remark #10371-D: (ULP 1.1) Detected no uses of low power mode state changing instructions
remark #10372-D: (ULP 4.1) Detected uninitialized Port 1 in this project. Recommend initializing all unused ports to eliminate wasted current consumption on unused pins.
remark #10372-D: (ULP 4.1) Detected uninitialized Port 6 in this project. Recommend initializing all unused ports to eliminate wasted current consumption on unused pins.
remark #10372-D: (ULP 4.1) Detected uninitialized Port 8 in this project. Recommend initializing all unused ports to eliminate wasted current consumption on unused pins.
remark #10372-D: (ULP 4.1) Detected uninitialized Port 9 in this project. Recommend initializing all unused ports to eliminate wasted current consumption on unused pins.
remark #10372-D: (ULP 4.1) Detected uninitialized Port 10 in this project. Recommend initializing all unused ports to eliminate wasted current consumption on unused pins.
'Finished building target: Practica2.out'
' '

**** Build Finished ****
